<?xml version="1.0" encoding="UTF-8"?>
<testsuite name="MessageServiceTest" tests="1" skipped="0" failures="0" errors="0" timestamp="2017-12-05T23:26:27" hostname="asahi02mac153" time="0.001">
  <properties/>
  <testcase name="getMessage" classname="MessageServiceTest" time="0.001"/>
  <system-out><![CDATA[]]></system-out>
  <system-err><![CDATA[]]></system-err>
</testsuite>
